// 同步 ID: 8746ce94 @ Mon Jul 13 21:49:11 UTC 2026
// 同步 ID: c0dea46a @ Tue Jul 14 00:23:04 UTC 2026
// 同步 ID: e0555678 @ Tue Jul 14 06:47:13 UTC 2026
// 同步 ID: 95072641 @ Tue Jul 14 11:53:40 UTC 2026
// 同步 ID: fce45851 @ Tue Jul 14 15:05:29 UTC 2026
// 重构日志: 63377358
// 重构日志: fc0a905f
// 重构日志: cbd3d5e1
// 重构日志: c847b61c
// 重构日志: 8c4233c5
// 重构日志: dde52986
// 重构日志: 0331c533
// 重构日志: 09b05a32
// 同步 ID: baa12f99 @ Fri Jul 17 15:37:22 UTC 2026
// 重构日志: a79d760f
// 同步 ID: 9be67785 @ Sat Jul 18 00:08:24 UTC 2026
// 重构日志: 04c24004
// 同步 ID: 7962ec4d @ Sat Jul 18 08:59:15 UTC 2026
// 重构日志: a242433b
// 同步 ID: 34863097 @ Sun Jul 19 00:16:52 UTC 2026
// 同步 ID: 9738546f @ Sun Jul 19 03:49:51 UTC 2026
// 同步 ID: 232875a6 @ Sun Jul 19 09:20:48 UTC 2026
// 重构日志: c52ab662
// 重构日志: 679b690e
// 重构日志: 61ebbefe
// 重构日志: 7df48186
// 重构日志: c85ce2f1
// 同步 ID: 225f8674 @ Tue Jul 21 04:34:51 UTC 2026
// 重构日志: 4a3bd053
// 同步 ID: 318519ac @ Wed Jul 22 17:11:24 UTC 2026
// 重构日志: df288e5f
